2016-12-27 20:01:59 Error: [MissingComponentException] Component class ToolbarComponent could not be found.
Exception Attributes: array (
  'class' => 'ToolbarComponent',
  'plugin' => 'DebugKit',
)
Request URL: /hillclick/
Stack Trace:
#0 C:\xampp\htdocs\hillclick\lib\Cake\Controller\ComponentCollection.php(53): ComponentCollection->load('DebugKit.Toolba...', Array)
#1 C:\xampp\htdocs\hillclick\lib\Cake\Controller\Controller.php(643): ComponentCollection->init(Object(PagesController))
#2 C:\xampp\htdocs\hillclick\lib\Cake\Routing\Dispatcher.php(188): Controller->constructClasses()
#3 C:\xampp\htdocs\hillclick\lib\Cake\Routing\Dispatcher.php(167): Dispatcher->_invoke(Object(PagesController), Object(CakeRequest))
#4 C:\xampp\htdocs\hillclick\app\webroot\index.php(118): Dispatcher->dispatch(Object(CakeRequest), Object(CakeResponse))
#5 {main}
2016-12-27 20:02:26 Error: [MissingComponentException] Component class ToolbarComponent could not be found.
Exception Attributes: array (
  'class' => 'ToolbarComponent',
  'plugin' => 'DebugKit',
)
Request URL: /hillclick/
Stack Trace:
#0 C:\xampp\htdocs\hillclick\lib\Cake\Controller\ComponentCollection.php(53): ComponentCollection->load('DebugKit.Toolba...', Array)
#1 C:\xampp\htdocs\hillclick\lib\Cake\Controller\Controller.php(643): ComponentCollection->init(Object(PagesController))
#2 C:\xampp\htdocs\hillclick\lib\Cake\Routing\Dispatcher.php(188): Controller->constructClasses()
#3 C:\xampp\htdocs\hillclick\lib\Cake\Routing\Dispatcher.php(167): Dispatcher->_invoke(Object(PagesController), Object(CakeRequest))
#4 C:\xampp\htdocs\hillclick\app\webroot\index.php(118): Dispatcher->dispatch(Object(CakeRequest), Object(CakeResponse))
#5 {main}
2016-12-27 20:03:32 Error: [MissingComponentException] Component class ToolbarComponent could not be found.
Exception Attributes: array (
  'class' => 'ToolbarComponent',
  'plugin' => 'DebugKit',
)
Request URL: /hillclick/
Stack Trace:
#0 C:\xampp\htdocs\hillclick\lib\Cake\Controller\ComponentCollection.php(53): ComponentCollection->load('DebugKit.Toolba...', Array)
#1 C:\xampp\htdocs\hillclick\lib\Cake\Controller\Controller.php(643): ComponentCollection->init(Object(PagesController))
#2 C:\xampp\htdocs\hillclick\lib\Cake\Routing\Dispatcher.php(188): Controller->constructClasses()
#3 C:\xampp\htdocs\hillclick\lib\Cake\Routing\Dispatcher.php(167): Dispatcher->_invoke(Object(PagesController), Object(CakeRequest))
#4 C:\xampp\htdocs\hillclick\app\webroot\index.php(118): Dispatcher->dispatch(Object(CakeRequest), Object(CakeResponse))
#5 {main}
2016-12-27 20:04:52 Error: [MissingComponentException] Component class ToolbarComponent could not be found.
Exception Attributes: array (
  'class' => 'ToolbarComponent',
  'plugin' => 'DebugKit',
)
Request URL: /hillclick/
Stack Trace:
#0 C:\xampp\htdocs\hillclick\lib\Cake\Controller\ComponentCollection.php(53): ComponentCollection->load('DebugKit.Toolba...', Array)
#1 C:\xampp\htdocs\hillclick\lib\Cake\Controller\Controller.php(643): ComponentCollection->init(Object(PagesController))
#2 C:\xampp\htdocs\hillclick\lib\Cake\Routing\Dispatcher.php(188): Controller->constructClasses()
#3 C:\xampp\htdocs\hillclick\lib\Cake\Routing\Dispatcher.php(167): Dispatcher->_invoke(Object(PagesController), Object(CakeRequest))
#4 C:\xampp\htdocs\hillclick\app\webroot\index.php(118): Dispatcher->dispatch(Object(CakeRequest), Object(CakeResponse))
#5 {main}
2016-12-27 20:04:52 Error: [MissingComponentException] Component class ToolbarComponent could not be found.
Exception Attributes: array (
  'class' => 'ToolbarComponent',
  'plugin' => 'DebugKit',
)
Request URL: /hillclick/
Stack Trace:
#0 C:\xampp\htdocs\hillclick\lib\Cake\Controller\ComponentCollection.php(53): ComponentCollection->load('DebugKit.Toolba...', Array)
#1 C:\xampp\htdocs\hillclick\lib\Cake\Controller\Controller.php(643): ComponentCollection->init(Object(PagesController))
#2 C:\xampp\htdocs\hillclick\lib\Cake\Routing\Dispatcher.php(188): Controller->constructClasses()
#3 C:\xampp\htdocs\hillclick\lib\Cake\Routing\Dispatcher.php(167): Dispatcher->_invoke(Object(PagesController), Object(CakeRequest))
#4 C:\xampp\htdocs\hillclick\app\webroot\index.php(118): Dispatcher->dispatch(Object(CakeRequest), Object(CakeResponse))
#5 {main}
2016-12-27 20:04:54 Error: [MissingComponentException] Component class ToolbarComponent could not be found.
Exception Attributes: array (
  'class' => 'ToolbarComponent',
  'plugin' => 'DebugKit',
)
Request URL: /hillclick/
Stack Trace:
#0 C:\xampp\htdocs\hillclick\lib\Cake\Controller\ComponentCollection.php(53): ComponentCollection->load('DebugKit.Toolba...', Array)
#1 C:\xampp\htdocs\hillclick\lib\Cake\Controller\Controller.php(643): ComponentCollection->init(Object(PagesController))
#2 C:\xampp\htdocs\hillclick\lib\Cake\Routing\Dispatcher.php(188): Controller->constructClasses()
#3 C:\xampp\htdocs\hillclick\lib\Cake\Routing\Dispatcher.php(167): Dispatcher->_invoke(Object(PagesController), Object(CakeRequest))
#4 C:\xampp\htdocs\hillclick\app\webroot\index.php(118): Dispatcher->dispatch(Object(CakeRequest), Object(CakeResponse))
#5 {main}
2016-12-27 20:04:55 Error: [MissingComponentException] Component class ToolbarComponent could not be found.
Exception Attributes: array (
  'class' => 'ToolbarComponent',
  'plugin' => 'DebugKit',
)
Request URL: /hillclick/
Stack Trace:
#0 C:\xampp\htdocs\hillclick\lib\Cake\Controller\ComponentCollection.php(53): ComponentCollection->load('DebugKit.Toolba...', Array)
#1 C:\xampp\htdocs\hillclick\lib\Cake\Controller\Controller.php(643): ComponentCollection->init(Object(PagesController))
#2 C:\xampp\htdocs\hillclick\lib\Cake\Routing\Dispatcher.php(188): Controller->constructClasses()
#3 C:\xampp\htdocs\hillclick\lib\Cake\Routing\Dispatcher.php(167): Dispatcher->_invoke(Object(PagesController), Object(CakeRequest))
#4 C:\xampp\htdocs\hillclick\app\webroot\index.php(118): Dispatcher->dispatch(Object(CakeRequest), Object(CakeResponse))
#5 {main}
2016-12-27 20:05:08 Error: [MissingComponentException] Component class ToolbarComponent could not be found.
Exception Attributes: array (
  'class' => 'ToolbarComponent',
  'plugin' => 'DebugKit',
)
Request URL: /hillclick/
Stack Trace:
#0 C:\xampp\htdocs\hillclick\lib\Cake\Controller\ComponentCollection.php(53): ComponentCollection->load('DebugKit.Toolba...', Array)
#1 C:\xampp\htdocs\hillclick\lib\Cake\Controller\Controller.php(643): ComponentCollection->init(Object(PagesController))
#2 C:\xampp\htdocs\hillclick\lib\Cake\Routing\Dispatcher.php(188): Controller->constructClasses()
#3 C:\xampp\htdocs\hillclick\lib\Cake\Routing\Dispatcher.php(167): Dispatcher->_invoke(Object(PagesController), Object(CakeRequest))
#4 C:\xampp\htdocs\hillclick\app\webroot\index.php(118): Dispatcher->dispatch(Object(CakeRequest), Object(CakeResponse))
#5 {main}
2016-12-27 20:05:09 Error: [MissingComponentException] Component class ToolbarComponent could not be found.
Exception Attributes: array (
  'class' => 'ToolbarComponent',
  'plugin' => 'DebugKit',
)
Request URL: /hillclick/
Stack Trace:
#0 C:\xampp\htdocs\hillclick\lib\Cake\Controller\ComponentCollection.php(53): ComponentCollection->load('DebugKit.Toolba...', Array)
#1 C:\xampp\htdocs\hillclick\lib\Cake\Controller\Controller.php(643): ComponentCollection->init(Object(PagesController))
#2 C:\xampp\htdocs\hillclick\lib\Cake\Routing\Dispatcher.php(188): Controller->constructClasses()
#3 C:\xampp\htdocs\hillclick\lib\Cake\Routing\Dispatcher.php(167): Dispatcher->_invoke(Object(PagesController), Object(CakeRequest))
#4 C:\xampp\htdocs\hillclick\app\webroot\index.php(118): Dispatcher->dispatch(Object(CakeRequest), Object(CakeResponse))
#5 {main}
2016-12-27 20:05:11 Error: [MissingComponentException] Component class ToolbarComponent could not be found.
Exception Attributes: array (
  'class' => 'ToolbarComponent',
  'plugin' => 'DebugKit',
)
Request URL: /hillclick/
Stack Trace:
#0 C:\xampp\htdocs\hillclick\lib\Cake\Controller\ComponentCollection.php(53): ComponentCollection->load('DebugKit.Toolba...', Array)
#1 C:\xampp\htdocs\hillclick\lib\Cake\Controller\Controller.php(643): ComponentCollection->init(Object(PagesController))
#2 C:\xampp\htdocs\hillclick\lib\Cake\Routing\Dispatcher.php(188): Controller->constructClasses()
#3 C:\xampp\htdocs\hillclick\lib\Cake\Routing\Dispatcher.php(167): Dispatcher->_invoke(Object(PagesController), Object(CakeRequest))
#4 C:\xampp\htdocs\hillclick\app\webroot\index.php(118): Dispatcher->dispatch(Object(CakeRequest), Object(CakeResponse))
#5 {main}
2016-12-27 20:05:34 Error: [MissingComponentException] Component class ToolbarComponent could not be found.
Exception Attributes: array (
  'class' => 'ToolbarComponent',
  'plugin' => 'DebugKit',
)
Request URL: /hillclick/
Stack Trace:
#0 C:\xampp\htdocs\hillclick\lib\Cake\Controller\ComponentCollection.php(53): ComponentCollection->load('DebugKit.Toolba...', Array)
#1 C:\xampp\htdocs\hillclick\lib\Cake\Controller\Controller.php(643): ComponentCollection->init(Object(PagesController))
#2 C:\xampp\htdocs\hillclick\lib\Cake\Routing\Dispatcher.php(188): Controller->constructClasses()
#3 C:\xampp\htdocs\hillclick\lib\Cake\Routing\Dispatcher.php(167): Dispatcher->_invoke(Object(PagesController), Object(CakeRequest))
#4 C:\xampp\htdocs\hillclick\app\webroot\index.php(118): Dispatcher->dispatch(Object(CakeRequest), Object(CakeResponse))
#5 {main}
2016-12-27 20:08:20 Error: [MissingComponentException] Component class ToolbarComponent could not be found.
Exception Attributes: array (
  'class' => 'ToolbarComponent',
  'plugin' => 'DebugKit',
)
Request URL: /hillclick/
Stack Trace:
#0 C:\xampp\htdocs\hillclick\lib\Cake\Controller\ComponentCollection.php(53): ComponentCollection->load('DebugKit.Toolba...', Array)
#1 C:\xampp\htdocs\hillclick\lib\Cake\Controller\Controller.php(643): ComponentCollection->init(Object(PagesController))
#2 C:\xampp\htdocs\hillclick\lib\Cake\Routing\Dispatcher.php(188): Controller->constructClasses()
#3 C:\xampp\htdocs\hillclick\lib\Cake\Routing\Dispatcher.php(167): Dispatcher->_invoke(Object(PagesController), Object(CakeRequest))
#4 C:\xampp\htdocs\hillclick\app\webroot\index.php(118): Dispatcher->dispatch(Object(CakeRequest), Object(CakeResponse))
#5 {main}
2016-12-27 20:09:22 Error: [MissingComponentException] Component class ToolbarComponent could not be found.
Exception Attributes: array (
  'class' => 'ToolbarComponent',
  'plugin' => 'DebugKit',
)
Request URL: /hillclick/
Stack Trace:
#0 C:\xampp\htdocs\hillclick\lib\Cake\Controller\ComponentCollection.php(53): ComponentCollection->load('DebugKit.Toolba...', Array)
#1 C:\xampp\htdocs\hillclick\lib\Cake\Controller\Controller.php(643): ComponentCollection->init(Object(PagesController))
#2 C:\xampp\htdocs\hillclick\lib\Cake\Routing\Dispatcher.php(188): Controller->constructClasses()
#3 C:\xampp\htdocs\hillclick\lib\Cake\Routing\Dispatcher.php(167): Dispatcher->_invoke(Object(PagesController), Object(CakeRequest))
#4 C:\xampp\htdocs\hillclick\app\webroot\index.php(118): Dispatcher->dispatch(Object(CakeRequest), Object(CakeResponse))
#5 {main}
2016-12-27 20:09:23 Error: [MissingComponentException] Component class ToolbarComponent could not be found.
Exception Attributes: array (
  'class' => 'ToolbarComponent',
  'plugin' => 'DebugKit',
)
Request URL: /hillclick/
Stack Trace:
#0 C:\xampp\htdocs\hillclick\lib\Cake\Controller\ComponentCollection.php(53): ComponentCollection->load('DebugKit.Toolba...', Array)
#1 C:\xampp\htdocs\hillclick\lib\Cake\Controller\Controller.php(643): ComponentCollection->init(Object(PagesController))
#2 C:\xampp\htdocs\hillclick\lib\Cake\Routing\Dispatcher.php(188): Controller->constructClasses()
#3 C:\xampp\htdocs\hillclick\lib\Cake\Routing\Dispatcher.php(167): Dispatcher->_invoke(Object(PagesController), Object(CakeRequest))
#4 C:\xampp\htdocs\hillclick\app\webroot\index.php(118): Dispatcher->dispatch(Object(CakeRequest), Object(CakeResponse))
#5 {main}
2016-12-27 20:11:07 Error: [MissingComponentException] Component class ToolbarComponent could not be found.
Exception Attributes: array (
  'class' => 'ToolbarComponent',
  'plugin' => 'DebugKit',
)
Request URL: /hillclick/
Stack Trace:
#0 C:\xampp\htdocs\hillclick\lib\Cake\Controller\ComponentCollection.php(53): ComponentCollection->load('DebugKit.Toolba...', Array)
#1 C:\xampp\htdocs\hillclick\lib\Cake\Controller\Controller.php(643): ComponentCollection->init(Object(PagesController))
#2 C:\xampp\htdocs\hillclick\lib\Cake\Routing\Dispatcher.php(188): Controller->constructClasses()
#3 C:\xampp\htdocs\hillclick\lib\Cake\Routing\Dispatcher.php(167): Dispatcher->_invoke(Object(PagesController), Object(CakeRequest))
#4 C:\xampp\htdocs\hillclick\app\webroot\index.php(118): Dispatcher->dispatch(Object(CakeRequest), Object(CakeResponse))
#5 {main}
2016-12-27 20:11:09 Error: [MissingComponentException] Component class ToolbarComponent could not be found.
Exception Attributes: array (
  'class' => 'ToolbarComponent',
  'plugin' => 'DebugKit',
)
Request URL: /hillclick/
Stack Trace:
#0 C:\xampp\htdocs\hillclick\lib\Cake\Controller\ComponentCollection.php(53): ComponentCollection->load('DebugKit.Toolba...', Array)
#1 C:\xampp\htdocs\hillclick\lib\Cake\Controller\Controller.php(643): ComponentCollection->init(Object(PagesController))
#2 C:\xampp\htdocs\hillclick\lib\Cake\Routing\Dispatcher.php(188): Controller->constructClasses()
#3 C:\xampp\htdocs\hillclick\lib\Cake\Routing\Dispatcher.php(167): Dispatcher->_invoke(Object(PagesController), Object(CakeRequest))
#4 C:\xampp\htdocs\hillclick\app\webroot\index.php(118): Dispatcher->dispatch(Object(CakeRequest), Object(CakeResponse))
#5 {main}
2016-12-27 20:15:03 Error: Fatal Error (1): Class 'Cake\Controller\Component' not found in [C:\xampp\htdocs\hillclick\app\Plugin\DebugKit\Controller\Component\ToolbarComponent.php, line 26]
2016-12-27 20:15:03 Error: [FatalErrorException] Class 'Cake\Controller\Component' not found
Request URL: /hillclick/
Stack Trace:
#0 C:\xampp\htdocs\hillclick\lib\Cake\Error\ErrorHandler.php(203): ErrorHandler::handleFatalError(1, 'Class 'Cake\\Con...', 'C:\\xampp\\htdocs...', 26)
#1 [internal function]: ErrorHandler::handleError(1, 'Class 'Cake\\Con...', 'C:\\xampp\\htdocs...', 26, Array)
#2 C:\xampp\htdocs\hillclick\lib\Cake\Core\App.php(931): call_user_func('ErrorHandler::h...', 1, 'Class 'Cake\\Con...', 'C:\\xampp\\htdocs...', 26, Array)
#3 C:\xampp\htdocs\hillclick\lib\Cake\Core\App.php(904): App::_checkFatalError()
#4 [internal function]: App::shutdown()
#5 {main}
2016-12-27 20:16:24 Error: [MissingComponentException] Component class ToolbarComponent could not be found.
Exception Attributes: array (
  'class' => 'ToolbarComponent',
  'plugin' => 'DebugKit',
)
Request URL: /hillclick/
Stack Trace:
#0 C:\xampp\htdocs\hillclick\lib\Cake\Controller\ComponentCollection.php(53): ComponentCollection->load('DebugKit.Toolba...', Array)
#1 C:\xampp\htdocs\hillclick\lib\Cake\Controller\Controller.php(643): ComponentCollection->init(Object(PagesController))
#2 C:\xampp\htdocs\hillclick\lib\Cake\Routing\Dispatcher.php(188): Controller->constructClasses()
#3 C:\xampp\htdocs\hillclick\lib\Cake\Routing\Dispatcher.php(167): Dispatcher->_invoke(Object(PagesController), Object(CakeRequest))
#4 C:\xampp\htdocs\hillclick\app\webroot\index.php(118): Dispatcher->dispatch(Object(CakeRequest), Object(CakeResponse))
#5 {main}
2016-12-27 20:16:27 Error: [MissingComponentException] Component class ToolbarComponent could not be found.
Exception Attributes: array (
  'class' => 'ToolbarComponent',
  'plugin' => 'DebugKit',
)
Request URL: /hillclick/
Stack Trace:
#0 C:\xampp\htdocs\hillclick\lib\Cake\Controller\ComponentCollection.php(53): ComponentCollection->load('DebugKit.Toolba...', Array)
#1 C:\xampp\htdocs\hillclick\lib\Cake\Controller\Controller.php(643): ComponentCollection->init(Object(PagesController))
#2 C:\xampp\htdocs\hillclick\lib\Cake\Routing\Dispatcher.php(188): Controller->constructClasses()
#3 C:\xampp\htdocs\hillclick\lib\Cake\Routing\Dispatcher.php(167): Dispatcher->_invoke(Object(PagesController), Object(CakeRequest))
#4 C:\xampp\htdocs\hillclick\app\webroot\index.php(118): Dispatcher->dispatch(Object(CakeRequest), Object(CakeResponse))
#5 {main}
2016-12-27 20:18:21 Error: [MissingComponentException] Component class ToolbarComponent could not be found.
Exception Attributes: array (
  'class' => 'ToolbarComponent',
  'plugin' => 'DebugKit',
)
Request URL: /hillclick/
Stack Trace:
#0 C:\xampp\htdocs\hillclick\lib\Cake\Controller\ComponentCollection.php(53): ComponentCollection->load('DebugKit.Toolba...', Array)
#1 C:\xampp\htdocs\hillclick\lib\Cake\Controller\Controller.php(643): ComponentCollection->init(Object(PagesController))
#2 C:\xampp\htdocs\hillclick\lib\Cake\Routing\Dispatcher.php(188): Controller->constructClasses()
#3 C:\xampp\htdocs\hillclick\lib\Cake\Routing\Dispatcher.php(167): Dispatcher->_invoke(Object(PagesController), Object(CakeRequest))
#4 C:\xampp\htdocs\hillclick\app\webroot\index.php(118): Dispatcher->dispatch(Object(CakeRequest), Object(CakeResponse))
#5 {main}
2016-12-27 20:18:22 Error: [MissingComponentException] Component class ToolbarComponent could not be found.
Exception Attributes: array (
  'class' => 'ToolbarComponent',
  'plugin' => 'DebugKit',
)
Request URL: /hillclick/
Stack Trace:
#0 C:\xampp\htdocs\hillclick\lib\Cake\Controller\ComponentCollection.php(53): ComponentCollection->load('DebugKit.Toolba...', Array)
#1 C:\xampp\htdocs\hillclick\lib\Cake\Controller\Controller.php(643): ComponentCollection->init(Object(PagesController))
#2 C:\xampp\htdocs\hillclick\lib\Cake\Routing\Dispatcher.php(188): Controller->constructClasses()
#3 C:\xampp\htdocs\hillclick\lib\Cake\Routing\Dispatcher.php(167): Dispatcher->_invoke(Object(PagesController), Object(CakeRequest))
#4 C:\xampp\htdocs\hillclick\app\webroot\index.php(118): Dispatcher->dispatch(Object(CakeRequest), Object(CakeResponse))
#5 {main}
2016-12-27 20:18:37 Error: [MissingComponentException] Component class ToolbarComponent could not be found.
Exception Attributes: array (
  'class' => 'ToolbarComponent',
  'plugin' => 'DebugKit',
)
Request URL: /hillclick/
Stack Trace:
#0 C:\xampp\htdocs\hillclick\lib\Cake\Controller\ComponentCollection.php(53): ComponentCollection->load('DebugKit.Toolba...', Array)
#1 C:\xampp\htdocs\hillclick\lib\Cake\Controller\Controller.php(643): ComponentCollection->init(Object(PagesController))
#2 C:\xampp\htdocs\hillclick\lib\Cake\Routing\Dispatcher.php(188): Controller->constructClasses()
#3 C:\xampp\htdocs\hillclick\lib\Cake\Routing\Dispatcher.php(167): Dispatcher->_invoke(Object(PagesController), Object(CakeRequest))
#4 C:\xampp\htdocs\hillclick\app\webroot\index.php(118): Dispatcher->dispatch(Object(CakeRequest), Object(CakeResponse))
#5 {main}
2016-12-27 20:19:24 Error: [MissingComponentException] Component class ToolbarComponent could not be found.
Exception Attributes: array (
  'class' => 'ToolbarComponent',
  'plugin' => 'DebugKit',
)
Request URL: /hillclick/
Stack Trace:
#0 C:\xampp\htdocs\hillclick\lib\Cake\Controller\ComponentCollection.php(53): ComponentCollection->load('DebugKit.Toolba...', Array)
#1 C:\xampp\htdocs\hillclick\lib\Cake\Controller\Controller.php(643): ComponentCollection->init(Object(PagesController))
#2 C:\xampp\htdocs\hillclick\lib\Cake\Routing\Dispatcher.php(188): Controller->constructClasses()
#3 C:\xampp\htdocs\hillclick\lib\Cake\Routing\Dispatcher.php(167): Dispatcher->_invoke(Object(PagesController), Object(CakeRequest))
#4 C:\xampp\htdocs\hillclick\app\webroot\index.php(118): Dispatcher->dispatch(Object(CakeRequest), Object(CakeResponse))
#5 {main}
2016-12-27 20:19:25 Error: [MissingComponentException] Component class ToolbarComponent could not be found.
Exception Attributes: array (
  'class' => 'ToolbarComponent',
  'plugin' => 'DebugKit',
)
Request URL: /hillclick/
Stack Trace:
#0 C:\xampp\htdocs\hillclick\lib\Cake\Controller\ComponentCollection.php(53): ComponentCollection->load('DebugKit.Toolba...', Array)
#1 C:\xampp\htdocs\hillclick\lib\Cake\Controller\Controller.php(643): ComponentCollection->init(Object(PagesController))
#2 C:\xampp\htdocs\hillclick\lib\Cake\Routing\Dispatcher.php(188): Controller->constructClasses()
#3 C:\xampp\htdocs\hillclick\lib\Cake\Routing\Dispatcher.php(167): Dispatcher->_invoke(Object(PagesController), Object(CakeRequest))
#4 C:\xampp\htdocs\hillclick\app\webroot\index.php(118): Dispatcher->dispatch(Object(CakeRequest), Object(CakeResponse))
#5 {main}
2016-12-27 20:19:26 Error: [MissingComponentException] Component class ToolbarComponent could not be found.
Exception Attributes: array (
  'class' => 'ToolbarComponent',
  'plugin' => 'DebugKit',
)
Request URL: /hillclick/
Stack Trace:
#0 C:\xampp\htdocs\hillclick\lib\Cake\Controller\ComponentCollection.php(53): ComponentCollection->load('DebugKit.Toolba...', Array)
#1 C:\xampp\htdocs\hillclick\lib\Cake\Controller\Controller.php(643): ComponentCollection->init(Object(PagesController))
#2 C:\xampp\htdocs\hillclick\lib\Cake\Routing\Dispatcher.php(188): Controller->constructClasses()
#3 C:\xampp\htdocs\hillclick\lib\Cake\Routing\Dispatcher.php(167): Dispatcher->_invoke(Object(PagesController), Object(CakeRequest))
#4 C:\xampp\htdocs\hillclick\app\webroot\index.php(118): Dispatcher->dispatch(Object(CakeRequest), Object(CakeResponse))
#5 {main}
2016-12-27 20:19:55 Error: [MissingComponentException] Component class ToolbarComponent could not be found.
Exception Attributes: array (
  'class' => 'ToolbarComponent',
  'plugin' => 'DebugKit',
)
Request URL: /hillclick/
Stack Trace:
#0 C:\xampp\htdocs\hillclick\lib\Cake\Controller\ComponentCollection.php(53): ComponentCollection->load('DebugKit.Toolba...', Array)
#1 C:\xampp\htdocs\hillclick\lib\Cake\Controller\Controller.php(643): ComponentCollection->init(Object(PagesController))
#2 C:\xampp\htdocs\hillclick\lib\Cake\Routing\Dispatcher.php(188): Controller->constructClasses()
#3 C:\xampp\htdocs\hillclick\lib\Cake\Routing\Dispatcher.php(167): Dispatcher->_invoke(Object(PagesController), Object(CakeRequest))
#4 C:\xampp\htdocs\hillclick\app\webroot\index.php(118): Dispatcher->dispatch(Object(CakeRequest), Object(CakeResponse))
#5 {main}
2016-12-27 20:19:56 Error: [MissingComponentException] Component class ToolbarComponent could not be found.
Exception Attributes: array (
  'class' => 'ToolbarComponent',
  'plugin' => 'DebugKit',
)
Request URL: /hillclick/
Stack Trace:
#0 C:\xampp\htdocs\hillclick\lib\Cake\Controller\ComponentCollection.php(53): ComponentCollection->load('DebugKit.Toolba...', Array)
#1 C:\xampp\htdocs\hillclick\lib\Cake\Controller\Controller.php(643): ComponentCollection->init(Object(PagesController))
#2 C:\xampp\htdocs\hillclick\lib\Cake\Routing\Dispatcher.php(188): Controller->constructClasses()
#3 C:\xampp\htdocs\hillclick\lib\Cake\Routing\Dispatcher.php(167): Dispatcher->_invoke(Object(PagesController), Object(CakeRequest))
#4 C:\xampp\htdocs\hillclick\app\webroot\index.php(118): Dispatcher->dispatch(Object(CakeRequest), Object(CakeResponse))
#5 {main}
2016-12-27 20:19:57 Error: [MissingComponentException] Component class ToolbarComponent could not be found.
Exception Attributes: array (
  'class' => 'ToolbarComponent',
  'plugin' => 'DebugKit',
)
Request URL: /hillclick/
Stack Trace:
#0 C:\xampp\htdocs\hillclick\lib\Cake\Controller\ComponentCollection.php(53): ComponentCollection->load('DebugKit.Toolba...', Array)
#1 C:\xampp\htdocs\hillclick\lib\Cake\Controller\Controller.php(643): ComponentCollection->init(Object(PagesController))
#2 C:\xampp\htdocs\hillclick\lib\Cake\Routing\Dispatcher.php(188): Controller->constructClasses()
#3 C:\xampp\htdocs\hillclick\lib\Cake\Routing\Dispatcher.php(167): Dispatcher->_invoke(Object(PagesController), Object(CakeRequest))
#4 C:\xampp\htdocs\hillclick\app\webroot\index.php(118): Dispatcher->dispatch(Object(CakeRequest), Object(CakeResponse))
#5 {main}
2016-12-27 20:19:57 Error: [MissingComponentException] Component class ToolbarComponent could not be found.
Exception Attributes: array (
  'class' => 'ToolbarComponent',
  'plugin' => 'DebugKit',
)
Request URL: /hillclick/
Stack Trace:
#0 C:\xampp\htdocs\hillclick\lib\Cake\Controller\ComponentCollection.php(53): ComponentCollection->load('DebugKit.Toolba...', Array)
#1 C:\xampp\htdocs\hillclick\lib\Cake\Controller\Controller.php(643): ComponentCollection->init(Object(PagesController))
#2 C:\xampp\htdocs\hillclick\lib\Cake\Routing\Dispatcher.php(188): Controller->constructClasses()
#3 C:\xampp\htdocs\hillclick\lib\Cake\Routing\Dispatcher.php(167): Dispatcher->_invoke(Object(PagesController), Object(CakeRequest))
#4 C:\xampp\htdocs\hillclick\app\webroot\index.php(118): Dispatcher->dispatch(Object(CakeRequest), Object(CakeResponse))
#5 {main}
2016-12-27 20:20:16 Error: [MissingComponentException] Component class ToolbarComponent could not be found.
Exception Attributes: array (
  'class' => 'ToolbarComponent',
  'plugin' => 'DebugKit',
)
Request URL: /hillclick/
Stack Trace:
#0 C:\xampp\htdocs\hillclick\lib\Cake\Controller\ComponentCollection.php(53): ComponentCollection->load('DebugKit.Toolba...', Array)
#1 C:\xampp\htdocs\hillclick\lib\Cake\Controller\Controller.php(643): ComponentCollection->init(Object(PagesController))
#2 C:\xampp\htdocs\hillclick\lib\Cake\Routing\Dispatcher.php(188): Controller->constructClasses()
#3 C:\xampp\htdocs\hillclick\lib\Cake\Routing\Dispatcher.php(167): Dispatcher->_invoke(Object(PagesController), Object(CakeRequest))
#4 C:\xampp\htdocs\hillclick\app\webroot\index.php(118): Dispatcher->dispatch(Object(CakeRequest), Object(CakeResponse))
#5 {main}
2016-12-27 20:21:53 Error: [MissingComponentException] Component class ToolbarComponent could not be found.
Exception Attributes: array (
  'class' => 'ToolbarComponent',
  'plugin' => 'DebugKit',
)
Request URL: /hillclick/
Stack Trace:
#0 C:\xampp\htdocs\hillclick\lib\Cake\Controller\ComponentCollection.php(53): ComponentCollection->load('DebugKit.Toolba...', Array)
#1 C:\xampp\htdocs\hillclick\lib\Cake\Controller\Controller.php(643): ComponentCollection->init(Object(PagesController))
#2 C:\xampp\htdocs\hillclick\lib\Cake\Routing\Dispatcher.php(188): Controller->constructClasses()
#3 C:\xampp\htdocs\hillclick\lib\Cake\Routing\Dispatcher.php(167): Dispatcher->_invoke(Object(PagesController), Object(CakeRequest))
#4 C:\xampp\htdocs\hillclick\app\webroot\index.php(118): Dispatcher->dispatch(Object(CakeRequest), Object(CakeResponse))
#5 {main}
2016-12-27 20:21:54 Error: [MissingComponentException] Component class ToolbarComponent could not be found.
Exception Attributes: array (
  'class' => 'ToolbarComponent',
  'plugin' => 'DebugKit',
)
Request URL: /hillclick/
Stack Trace:
#0 C:\xampp\htdocs\hillclick\lib\Cake\Controller\ComponentCollection.php(53): ComponentCollection->load('DebugKit.Toolba...', Array)
#1 C:\xampp\htdocs\hillclick\lib\Cake\Controller\Controller.php(643): ComponentCollection->init(Object(PagesController))
#2 C:\xampp\htdocs\hillclick\lib\Cake\Routing\Dispatcher.php(188): Controller->constructClasses()
#3 C:\xampp\htdocs\hillclick\lib\Cake\Routing\Dispatcher.php(167): Dispatcher->_invoke(Object(PagesController), Object(CakeRequest))
#4 C:\xampp\htdocs\hillclick\app\webroot\index.php(118): Dispatcher->dispatch(Object(CakeRequest), Object(CakeResponse))
#5 {main}
2016-12-27 20:23:32 Error: [MissingComponentException] Component class ToolbarComponent could not be found.
Exception Attributes: array (
  'class' => 'ToolbarComponent',
  'plugin' => 'DebugKit',
)
Request URL: /hillclick/
Stack Trace:
#0 C:\xampp\htdocs\hillclick\lib\Cake\Controller\ComponentCollection.php(53): ComponentCollection->load('DebugKit.Toolba...', Array)
#1 C:\xampp\htdocs\hillclick\lib\Cake\Controller\Controller.php(643): ComponentCollection->init(Object(PagesController))
#2 C:\xampp\htdocs\hillclick\lib\Cake\Routing\Dispatcher.php(188): Controller->constructClasses()
#3 C:\xampp\htdocs\hillclick\lib\Cake\Routing\Dispatcher.php(167): Dispatcher->_invoke(Object(PagesController), Object(CakeRequest))
#4 C:\xampp\htdocs\hillclick\app\webroot\index.php(118): Dispatcher->dispatch(Object(CakeRequest), Object(CakeResponse))
#5 {main}
2016-12-27 20:26:01 Error: [MissingComponentException] Component class ToolbarComponent could not be found.
Exception Attributes: array (
  'class' => 'ToolbarComponent',
  'plugin' => 'DebugKit',
)
Request URL: /hillclick/
Stack Trace:
#0 C:\xampp\htdocs\hillclick\lib\Cake\Controller\ComponentCollection.php(53): ComponentCollection->load('DebugKit.Toolba...', Array)
#1 C:\xampp\htdocs\hillclick\lib\Cake\Controller\Controller.php(643): ComponentCollection->init(Object(PagesController))
#2 C:\xampp\htdocs\hillclick\lib\Cake\Routing\Dispatcher.php(188): Controller->constructClasses()
#3 C:\xampp\htdocs\hillclick\lib\Cake\Routing\Dispatcher.php(167): Dispatcher->_invoke(Object(PagesController), Object(CakeRequest))
#4 C:\xampp\htdocs\hillclick\app\webroot\index.php(118): Dispatcher->dispatch(Object(CakeRequest), Object(CakeResponse))
#5 {main}
2016-12-27 20:26:02 Error: [MissingComponentException] Component class ToolbarComponent could not be found.
Exception Attributes: array (
  'class' => 'ToolbarComponent',
  'plugin' => 'DebugKit',
)
Request URL: /hillclick/
Stack Trace:
#0 C:\xampp\htdocs\hillclick\lib\Cake\Controller\ComponentCollection.php(53): ComponentCollection->load('DebugKit.Toolba...', Array)
#1 C:\xampp\htdocs\hillclick\lib\Cake\Controller\Controller.php(643): ComponentCollection->init(Object(PagesController))
#2 C:\xampp\htdocs\hillclick\lib\Cake\Routing\Dispatcher.php(188): Controller->constructClasses()
#3 C:\xampp\htdocs\hillclick\lib\Cake\Routing\Dispatcher.php(167): Dispatcher->_invoke(Object(PagesController), Object(CakeRequest))
#4 C:\xampp\htdocs\hillclick\app\webroot\index.php(118): Dispatcher->dispatch(Object(CakeRequest), Object(CakeResponse))
#5 {main}
2016-12-27 20:26:03 Error: [MissingComponentException] Component class ToolbarComponent could not be found.
Exception Attributes: array (
  'class' => 'ToolbarComponent',
  'plugin' => 'DebugKit',
)
Request URL: /hillclick/
Stack Trace:
#0 C:\xampp\htdocs\hillclick\lib\Cake\Controller\ComponentCollection.php(53): ComponentCollection->load('DebugKit.Toolba...', Array)
#1 C:\xampp\htdocs\hillclick\lib\Cake\Controller\Controller.php(643): ComponentCollection->init(Object(PagesController))
#2 C:\xampp\htdocs\hillclick\lib\Cake\Routing\Dispatcher.php(188): Controller->constructClasses()
#3 C:\xampp\htdocs\hillclick\lib\Cake\Routing\Dispatcher.php(167): Dispatcher->_invoke(Object(PagesController), Object(CakeRequest))
#4 C:\xampp\htdocs\hillclick\app\webroot\index.php(118): Dispatcher->dispatch(Object(CakeRequest), Object(CakeResponse))
#5 {main}
2016-12-27 21:04:44 Error: [MissingControllerException] Controller class ImagesController could not be found.
Exception Attributes: array (
  'class' => 'ImagesController',
  'plugin' => NULL,
)
Request URL: /hillclick/images/img.jpg
Stack Trace:
#0 C:\xampp\htdocs\hillclick\app\webroot\index.php(118): Dispatcher->dispatch(Object(CakeRequest), Object(CakeResponse))
#1 {main}
2016-12-27 21:41:15 Error: Fatal Error (4): syntax error, unexpected 'public' (T_PUBLIC) in [C:\xampp\htdocs\hillclick\app\Controller\AdminController.php, line 48]
2016-12-27 21:41:15 Error: [FatalErrorException] syntax error, unexpected 'public' (T_PUBLIC)
Request URL: /hillclick/admin
Stack Trace:
#0 C:\xampp\htdocs\hillclick\lib\Cake\Error\ErrorHandler.php(203): ErrorHandler::handleFatalError(4, 'syntax error, u...', 'C:\\xampp\\htdocs...', 48)
#1 [internal function]: ErrorHandler::handleError(4, 'syntax error, u...', 'C:\\xampp\\htdocs...', 48, Array)
#2 C:\xampp\htdocs\hillclick\lib\Cake\Core\App.php(931): call_user_func('ErrorHandler::h...', 4, 'syntax error, u...', 'C:\\xampp\\htdocs...', 48, Array)
#3 C:\xampp\htdocs\hillclick\lib\Cake\Core\App.php(904): App::_checkFatalError()
#4 [internal function]: App::shutdown()
#5 {main}
2016-12-27 21:41:49 Error: Fatal Error (1): Call to undefined method AdminController::viewBuilder() in [C:\xampp\htdocs\hillclick\app\Controller\AdminController.php, line 48]
2016-12-27 21:41:49 Error: [FatalErrorException] Call to undefined method AdminController::viewBuilder()
Request URL: /hillclick/admin
Stack Trace:
#0 C:\xampp\htdocs\hillclick\lib\Cake\Error\ErrorHandler.php(203): ErrorHandler::handleFatalError(1, 'Call to undefin...', 'C:\\xampp\\htdocs...', 48)
#1 [internal function]: ErrorHandler::handleError(1, 'Call to undefin...', 'C:\\xampp\\htdocs...', 48, Array)
#2 C:\xampp\htdocs\hillclick\lib\Cake\Core\App.php(931): call_user_func('ErrorHandler::h...', 1, 'Call to undefin...', 'C:\\xampp\\htdocs...', 48, Array)
#3 C:\xampp\htdocs\hillclick\lib\Cake\Core\App.php(904): App::_checkFatalError()
#4 [internal function]: App::shutdown()
#5 {main}
2016-12-27 21:45:59 Error: [MissingControllerException] Controller class CssController could not be found.
Exception Attributes: array (
  'class' => 'CssController',
  'plugin' => NULL,
)
Request URL: /hillclick/css/nprogress/nprogress.css
Stack Trace:
#0 C:\xampp\htdocs\hillclick\app\webroot\index.php(118): Dispatcher->dispatch(Object(CakeRequest), Object(CakeResponse))
#1 {main}
2016-12-27 21:45:59 Error: [MissingControllerException] Controller class CssController could not be found.
Exception Attributes: array (
  'class' => 'CssController',
  'plugin' => NULL,
)
Request URL: /hillclick/css/jqvmap/dist/jqvmap.min.css
Stack Trace:
#0 C:\xampp\htdocs\hillclick\app\webroot\index.php(118): Dispatcher->dispatch(Object(CakeRequest), Object(CakeResponse))
#1 {main}
2016-12-27 21:47:05 Error: [MissingControllerException] Controller class CssController could not be found.
Exception Attributes: array (
  'class' => 'CssController',
  'plugin' => NULL,
)
Request URL: /hillclick/css/jqvmap/dist/jqvmap.min.css
Stack Trace:
#0 C:\xampp\htdocs\hillclick\app\webroot\index.php(118): Dispatcher->dispatch(Object(CakeRequest), Object(CakeResponse))
#1 {main}
2016-12-27 21:47:05 Error: [MissingControllerException] Controller class CssController could not be found.
Exception Attributes: array (
  'class' => 'CssController',
  'plugin' => NULL,
)
Request URL: /hillclick/css/nprogress/nprogress.css
Stack Trace:
#0 C:\xampp\htdocs\hillclick\app\webroot\index.php(118): Dispatcher->dispatch(Object(CakeRequest), Object(CakeResponse))
#1 {main}
